\BOOKMARK [1][-]{section.1}{Table of Authorities}{}% 1
\BOOKMARK [1][-]{section.2}{Jurisdiction}{}% 2
\BOOKMARK [1][-]{section.3}{Introduction}{}% 3
\BOOKMARK [1][-]{section.4}{Questions Involved}{}% 4
\BOOKMARK [1][-]{section.5}{Facts}{}% 5
\BOOKMARK [2][-]{subsection.5.1}{Hearing before the MTT}{section.5}% 6
\BOOKMARK [2][-]{subsection.5.2}{Proposed Opinion}{section.5}% 7
\BOOKMARK [2][-]{subsection.5.3}{Exceptions}{section.5}% 8
\BOOKMARK [2][-]{subsection.5.4}{Final Opinion}{section.5}% 9
\BOOKMARK [2][-]{subsection.5.5}{Motion for Reconsideration}{section.5}% 10
\BOOKMARK [1][-]{section.6}{Argument}{}% 11
\BOOKMARK [2][-]{subsection.6.1}{The Tax Tribunal's MCL 211.27\(2\) analysis was not coherent.}{section.6}% 12
\BOOKMARK [2][-]{subsection.6.2}{The Tax Tribunal used improper criteria to find the repairs were not normal.}{section.6}% 13
\BOOKMARK [2][-]{subsection.6.3}{The Tax Tribunal conclusion that the property did not sell for its true cash value is not supported by the evidence.}{section.6}% 14
\BOOKMARK [2][-]{subsection.6.4}{The Tax Tribunal disposed of the case without determining the true cash value of the property.}{section.6}% 15
\BOOKMARK [1][-]{section.7}{Conclusion}{}% 16
\BOOKMARK [2][-]{subsection.7.1}{Standard of Review}{section.7}% 17
\BOOKMARK [2][-]{subsection.7.2}{MCL 211.27\(2\)}{section.7}% 18
\BOOKMARK [2][-]{subsection.7.3}{The Tax Tribunal misinterpreted MCL 211.27\(2\) when it allowed consideration of otherwise normal repairs because a\) the house was sold by a bank, b\) the house needed repairs at the time of sale, c\) the repairs were required by the city, and 4\) the value of the repairs was more than \04410,000.}{section.7}% 19
\BOOKMARK [1][-]{section.8}{Conclusion}{}% 20
